<?xml version="1.0" encoding="UTF-8"?>
<!-- Generated by org.testng.reporters.JUnitXMLReporter -->
<testsuite ignored="0" hostname="arun-asus" failures="6" tests="8" name="Test" time="13.935" errors="0" timestamp="2024-11-20T15:12:17 IST">
  <testcase classname="Test.TC_001_RegisterTest" name="registerTest" time="6.594"/>
  <testcase classname="Test.TC_002_LoginTest" name="loginTest" time="7.257"/>
  <testcase classname="Test.TC_003_ProductSearchAndBrowsingTest" name="productSearchAndBrowsing" time="0.002">
    <failure type="java.lang.NullPointerException" message="Cannot invoke &amp;quot;org.openqa.selenium.WebDriver.findElement(org.openqa.selenium.By)&amp;quot; because &amp;quot;this.driver&amp;quot; is null">
      <![CDATA[java.lang.NullPointerException: Cannot invoke "org.openqa.selenium.WebDriver.findElement(org.openqa.selenium.By)" because "this.driver" is null
at Pages.ProductSearchAndBrowsingPage.searchItems(ProductSearchAndBrowsingPage.java:15)
at Test.TC_003_ProductSearchAndBrowsingTest.productSearchAndBrowsing(TC_003_ProductSearchAndBrowsingTest.java:13)
at java.base/java.util.ArrayList.forEach(ArrayList.java:1511)
... Removed 27 stack frames]]>
    </failure>
  </testcase> <!-- productSearchAndBrowsing -->
  <testcase classname="Test.TC_004_ShippingCartTest" name="shipingCartTest" time="0.004">
    <failure type="java.lang.NullPointerException" message="Cannot invoke &amp;quot;org.openqa.selenium.WebDriver.findElement(org.openqa.selenium.By)&amp;quot; because &amp;quot;this.driver&amp;quot; is null">
      <![CDATA[java.lang.NullPointerException: Cannot invoke "org.openqa.selenium.WebDriver.findElement(org.openqa.selenium.By)" because "this.driver" is null
at Pages.ShoppingCartPage.removeItem(ShoppingCartPage.java:16)
at Test.TC_004_ShippingCartTest.shipingCartTest(TC_004_ShippingCartTest.java:13)
at java.base/java.util.ArrayList.forEach(ArrayList.java:1511)
... Removed 27 stack frames]]>
    </failure>
  </testcase> <!-- shipingCartTest -->
  <testcase classname="Test.TC_005_CheckoutProcessTest" name="checkoutProcesstest" time="0.004">
    <failure type="java.lang.NullPointerException" message="Cannot invoke &amp;quot;org.openqa.selenium.WebDriver.findElement(org.openqa.selenium.By)&amp;quot; because &amp;quot;this.driver&amp;quot; is null">
      <![CDATA[java.lang.NullPointerException: Cannot invoke "org.openqa.selenium.WebDriver.findElement(org.openqa.selenium.By)" because "this.driver" is null
at Pages.CheckoutProcessPage.country(CheckoutProcessPage.java:16)
at Test.TC_005_CheckoutProcessTest.checkoutProcesstest(TC_005_CheckoutProcessTest.java:13)
at java.base/java.util.ArrayList.forEach(ArrayList.java:1511)
... Removed 27 stack frames]]>
    </failure>
  </testcase> <!-- checkoutProcesstest -->
  <testcase classname="Test.TC_006_PaymentMethodsTest" name="paymentMethodsTest" time="0.003">
    <failure type="java.lang.NullPointerException" message="Cannot invoke &amp;quot;org.openqa.selenium.WebDriver.findElement(org.openqa.selenium.By)&amp;quot; because &amp;quot;this.driver&amp;quot; is null">
      <![CDATA[java.lang.NullPointerException: Cannot invoke "org.openqa.selenium.WebDriver.findElement(org.openqa.selenium.By)" because "this.driver" is null
at Pages.PaymentMethodsPage.selectCard(PaymentMethodsPage.java:16)
at Test.TC_006_PaymentMethodsTest.paymentMethodsTest(TC_006_PaymentMethodsTest.java:13)
at java.base/java.util.ArrayList.forEach(ArrayList.java:1511)
... Removed 27 stack frames]]>
    </failure>
  </testcase> <!-- paymentMethodsTest -->
  <testcase classname="Test.TC_007_VerificationPageTest" name="verificationMethodsTest" time="0.002">
    <failure type="java.lang.NullPointerException" message="Cannot invoke &amp;quot;org.openqa.selenium.WebDriver.findElement(org.openqa.selenium.By)&amp;quot; because &amp;quot;this.driver&amp;quot; is null">
      <![CDATA[java.lang.NullPointerException: Cannot invoke "org.openqa.selenium.WebDriver.findElement(org.openqa.selenium.By)" because "this.driver" is null
at Pages.VerificationPage.verification(VerificationPage.java:16)
at Test.TC_007_VerificationPageTest.verificationMethodsTest(TC_007_VerificationPageTest.java:13)
at java.base/java.util.ArrayList.forEach(ArrayList.java:1511)
... Removed 27 stack frames]]>
    </failure>
  </testcase> <!-- verificationMethodsTest -->
  <testcase classname="Test.TC_008_LogoutTest" name="logoutTest" time="0.001">
    <failure type="java.lang.NullPointerException" message="Cannot invoke &amp;quot;org.openqa.selenium.WebDriver.findElement(org.openqa.selenium.By)&amp;quot; because &amp;quot;this.driver&amp;quot; is null">
      <![CDATA[java.lang.NullPointerException: Cannot invoke "org.openqa.selenium.WebDriver.findElement(org.openqa.selenium.By)" because "this.driver" is null
at Pages.HomePage.logout(HomePage.java:25)
at Test.TC_008_LogoutTest.logoutTest(TC_008_LogoutTest.java:13)
at java.base/java.util.ArrayList.forEach(ArrayList.java:1511)
... Removed 27 stack frames]]>
    </failure>
  </testcase> <!-- logoutTest -->
</testsuite> <!-- Test -->
